{ root: 'C:\\Users\\Yanghui\\Desktop\\Message-Board',
  registry: 'https://registry.npm.taobao.org',
  pkgs: [ { name: 'mongoose', version: '*', type: 'tag' } ],
  production: false,
  cacheStrict: false,
  cacheDir: 'C:\\Users\\Yanghui\\.npminstall_tarball',
  env:
   { npm_config_registry: 'https://registry.npm.taobao.org',
     npm_config_argv:
      '{"remain":[],"cooked":["--fix-bug-versions","--china","--userconfig=C:\\\\Users\\\\Yanghui\\\\.cnpmrc","--disturl=https://npm.taobao.org/mirrors/node","--registry=https://registry.npm.taobao.org","mongoose"],"original":["--fix-bug-versions","--china","--userconfig=C:\\\\Users\\\\Yanghui\\\\.cnpmrc","--disturl=https://npm.taobao.org/mirrors/node","--registry=https://registry.npm.taobao.org","mongoose"]}',
     NODE: 'D:\\Nodejs\\node.exe',
     npm_node_execpath: 'D:\\Nodejs\\node.exe',
     npm_execpath:
      'C:\\Users\\Yanghui\\AppData\\Roaming\\npm\\node_modules\\cnpm\\node_modules\\npminstall\\bin\\install.js',
     npm_rootpath: 'C:\\Users\\Yanghui\\Desktop\\Message-Board',
     npm_config_userconfig: 'C:\\Users\\Yanghui\\.cnpmrc',
     npm_config_disturl: 'https://npm.taobao.org/mirrors/node',
     npm_config_r: 'https://registry.npm.taobao.org',
     NODEJS_ORG_MIRROR: 'https://cdn.npm.taobao.org/dist/node',
     NVM_NODEJS_ORG_MIRROR: 'https://cdn.npm.taobao.org/dist/node',
     NVM_IOJS_ORG_MIRROR: 'https://cdn.npm.taobao.org/dist/iojs',
     PHANTOMJS_CDNURL: 'https://cdn.npm.taobao.org/dist/phantomjs',
     CHROMEDRIVER_CDNURL: 'https://cdn.npm.taobao.org/dist/chromedriver',
     OPERADRIVER_CDNURL: 'https://cdn.npm.taobao.org/dist/operadriver',
     ELECTRON_MIRROR: 'https://cdn.npm.taobao.org/dist/electron/',
     SASS_BINARY_SITE: 'https://cdn.npm.taobao.org/dist/node-sass',
     FLOW_BINARY_MIRROR: 'https://github.com/facebook/flow/releases/download/v',
     NWJS_URLBASE: 'https://cdn.npm.taobao.org/dist/nwjs/v',
     PUPPETEER_DOWNLOAD_HOST: 'https://cdn.npm.taobao.org/dist',
     npm_config_cache: 'C:\\Users\\Yanghui\\.npminstall_tarball' },
  binaryMirrors:
   { ENVS:
      { NODEJS_ORG_MIRROR: 'https://cdn.npm.taobao.org/dist/node',
        NVM_NODEJS_ORG_MIRROR: 'https://cdn.npm.taobao.org/dist/node',
        NVM_IOJS_ORG_MIRROR: 'https://cdn.npm.taobao.org/dist/iojs',
        PHANTOMJS_CDNURL: 'https://cdn.npm.taobao.org/dist/phantomjs',
        CHROMEDRIVER_CDNURL: 'https://cdn.npm.taobao.org/dist/chromedriver',
        OPERADRIVER_CDNURL: 'https://cdn.npm.taobao.org/dist/operadriver',
        ELECTRON_MIRROR: 'https://cdn.npm.taobao.org/dist/electron/',
        SASS_BINARY_SITE: 'https://cdn.npm.taobao.org/dist/node-sass',
        FLOW_BINARY_MIRROR: 'https://github.com/facebook/flow/releases/download/v',
        NWJS_URLBASE: 'https://cdn.npm.taobao.org/dist/nwjs/v',
        PUPPETEER_DOWNLOAD_HOST: 'https://cdn.npm.taobao.org/dist' },
     cypress: { host: 'https://cdn.npm.taobao.org/dist/cypress' },
     'utf-8-validate':
      { host: 'https://cdn.npm.taobao.org/dist/utf-8-validate/v{version}' },
     leveldown:
      { host: 'https://cdn.npm.taobao.org/dist/leveldown/v{version}' },
     'leveldown-hyper':
      { host: 'https://cdn.npm.taobao.org/dist/leveldown-hyper/v{version}' },
     zeromq:
      { host: 'https://cdn.npm.taobao.org/dist/zeromq/v{version}' },
     mknod: { host: 'https://cdn.npm.taobao.org/dist/mknod/v{version}' },
     couchbase:
      { host: 'https://cdn.npm.taobao.org/dist/couchbase/v{version}' },
     'sodium-prebuilt':
      { host: 'https://cdn.npm.taobao.org/dist/sodium-prebuilt/v{version}' },
     'utp-native':
      { host: 'https://cdn.npm.taobao.org/dist/utp-native/v{version}' },
     'node-tk5':
      { host: 'https://cdn.npm.taobao.org/dist/node-tk5/v{version}' },
     'fuse-bindings':
      { host: 'https://cdn.npm.taobao.org/dist/fuse-bindings/v{version}' },
     'zmq-prebuilt':
      { host: 'https://cdn.npm.taobao.org/dist/zmq-prebuilt/v{version}' },
     gl: { host: 'https://cdn.npm.taobao.org/dist/gl/v{version}' },
     hackrf:
      { host: 'https://cdn.npm.taobao.org/dist/hackrf/v{version}' },
     rabin: { host: 'https://cdn.npm.taobao.org/dist/rabin/v{version}' },
     'v8-debug': { host: 'https://cdn.npm.taobao.org/dist/node-inspector' },
     'v8-profiler': { host: 'https://cdn.npm.taobao.org/dist/node-inspector' },
     sqlite3: { host: 'https://cdn.npm.taobao.org/dist' },
     grpc:
      { host: 'https://cdn.npm.taobao.org/dist',
        remote_path: '{name}/v{version}' },
     fsevents: { host: 'https://cdn.npm.taobao.org/dist/fsevents' },
     nodegit:
      { host: 'https://cdn.npm.taobao.org/dist/nodegit/v{version}' },
     'flow-bin':
      { replaceHost: 'https://github.com/facebook/flow/releases/download/v',
        host: 'https://cdn.npm.taobao.org/dist/flow/v' },
     'jpegtran-bin':
      { replaceHost: [Array],
        host: 'https://npm.taobao.org/mirrors/jpegtran-bin' },
     'cwebp-bin':
      { replaceHost: [Array],
        host: 'https://npm.taobao.org/mirrors/cwebp-bin' },
     'zopflipng-bin':
      { replaceHost: [Array],
        host: 'https://npm.taobao.org/mirrors/zopflipng-bin' },
     'optipng-bin':
      { replaceHost: [Array],
        host: 'https://npm.taobao.org/mirrors/optipng-bin' },
     mozjpeg:
      { replaceHost: [Array],
        host: 'https://npm.taobao.org/mirrors/mozjpeg-bin' },
     gifsicle:
      { replaceHost: [Array],
        host: 'https://npm.taobao.org/mirrors/gifsicle-bin' },
     'pngquant-bin':
      { replaceHost: [Array],
        host: 'https://npm.taobao.org/mirrors/pngquant-bin',
        replaceHostMap: [Object] },
     'pngcrush-bin':
      { replaceHost: [Array],
        host: 'https://npm.taobao.org/mirrors/pngcrush-bin' },
     'jpeg-recompress-bin':
      { replaceHost: [Array],
        host: 'https://npm.taobao.org/mirrors/jpeg-recompress-bin' },
     'advpng-bin':
      { replaceHost: [Array],
        host: 'https://npm.taobao.org/mirrors/advpng-bin' },
     'pngout-bin':
      { replaceHost: [Array],
        host: 'https://npm.taobao.org/mirrors/pngout-bin' },
     'jpegoptim-bin':
      { replaceHost: [Array],
        host: 'https://npm.taobao.org/mirrors/jpegoptim-bin' } },
  forbiddenLicenses: null,
  flatten: false,
  proxy: undefined,
  prune: false,
  strictSSL: true,
  ignoreScripts: false,
  detail: false,
  trace: false,
  engineStrict: false,
  registryOnly: false,
  autoFixVersion: [Function: autoFixVersion],
  spinner:
   Ora {
     options: { text: '', color: 'cyan', stream: [WriteStream] },
     spinner: { interval: 130, frames: [Array] },
     text: '[0/1] Installing safe-buffer@^5.1.2',
     color: 'cyan',
     interval: 130,
     stream:
      WriteStream {
        connecting: false,
        _hadError: false,
        _handle: [TTY],
        _parent: null,
        _host: null,
        _readableState: [ReadableState],
        readable: false,
        _events: [Object],
        _eventsCount: 2,
        _maxListeners: undefined,
        _writableState: [WritableState],
        writable: true,
        allowHalfOpen: false,
        _sockname: null,
        _pendingData: null,
        _pendingEncoding: '',
        server: null,
        _server: null,
        columns: 120,
        rows: 50,
        _type: 'tty',
        fd: 2,
        _isStdio: true,
        destroySoon: [Function: destroy],
        _destroy: [Function],
        [Symbol(asyncId)]: 5,
        [Symbol(lastWriteQueueSize)]: 0,
        [Symbol(timeout)]: null,
        [Symbol(kBytesRead)]: 0,
        [Symbol(kBytesWritten)]: 0 },
     id: null,
     frameIndex: 0,
     enabled: true },
  events:
   EventEmitter {
     _events: {},
     _eventsCount: 0,
     _maxListeners: 0,
     await: [Function] },
  postInstallTasks: [],
  peerDependencies:
   [ { package: [Object],
       displayName:
        'mongoose@5.2.10\u001b[90m › \u001b[39mmongoose-legacy-pluralize@1.0.2',
       parentDir:
        'C:\\Users\\Yanghui\\Desktop\\Message-Board\\node_modules\\_mongoose@5.2.10@mongoose' } ],
  linkPeerDependencies: [],
  packageVersions:
   { mongoose: Set { '5.2.10' },
     ms: Set { '2.0.0' },
     'lodash.get': Set { '4.4.2' },
     'regexp-clone': Set { '0.0.1' },
     'safe-buffer': Set { '5.1.2' },
     mquery: Set { '3.2.0' },
     sliced: Set { '1.0.1' },
     debug: Set { '3.1.0' },
     async: Set { '2.6.1' },
     'mongodb-core': Set { '3.1.3' },
     bluebird: Set { '3.5.1' },
     require_optional: Set { '1.0.1' },
     mongodb: Set { '3.1.4' },
     semver: Set { '5.5.1' },
     'resolve-from': Set { '2.0.0' },
     lodash: Set { '4.17.10' },
     bson: Set { '1.1.0', '1.0.9' },
     saslprep: Set { '1.0.1' },
     'mongoose-legacy-pluralize': Set { '1.0.2' },
     kareem: Set { '2.2.1' },
     mpath: Set { '0.4.1' } },
  latestVersions:
   Map {
     'mongoose' => '5.2.10',
     'ms' => '2.0.0',
     'lodash.get' => '4.4.2',
     'regexp-clone' => '0.0.1',
     'safe-buffer' => '5.1.2',
     'mquery' => '3.2.0',
     'sliced' => '1.0.1',
     'debug' => '3.1.0',
     'async' => '2.6.1',
     'mongodb-core' => '3.1.3',
     'bluebird' => '3.5.1',
     'require_optional' => '1.0.1',
     'mongodb' => '3.1.4',
     'semver' => '5.5.1',
     'resolve-from' => '2.0.0',
     'lodash' => '4.17.10',
     'bson' => '1.1.0',
     'saslprep' => '1.0.1',
     'mongoose-legacy-pluralize' => '1.0.2',
     'kareem' => '2.2.1',
     'mpath' => '0.4.1' },
  latestPackages: Map {},
  cache:
   { 'npm:resolve:package:mongoose':
      { done: true,
        name: 'mongoose',
        modified: '2018-08-27T13:28:59.000Z',
        'dist-tags': [Object],
        versions: [Object],
        allVersions: [Array] },
     'npm:resolve:version:mongoose@*':
      { name: 'mongoose',
        version: '5.2.10',
        dependencies: [Object],
        devDependencies: [Object],
        directories: [Object],
        dist: [Object],
        engines: [Object],
        _hasShrinkwrap: false,
        publish_time: 1535375557003,
        description: 'Mongoose MongoDB ODM',
        author: [Object],
        keywords: [Array],
        license: 'MIT',
        scripts: [Object],
        main: './index.js',
        bugs: [Object],
        repository: [Object],
        homepage: 'http://mongoosejs.com',
        browser: './browser.js',
        eslintConfig: [Object],
        readme: 'ERROR: No README data found!',
        _id: 'mongoose@5.2.10' },
     'download:mongoose@5.2.10': { done: true },
     'install:mongoose@*':
      { package: [Object],
        dir:
         'C:\\Users\\Yanghui\\Desktop\\Message-Board\\node_modules\\_mongoose@5.2.10@mongoose' },
     'npm:resolve:package:async':
      { done: true,
        name: 'async',
        modified: '2018-05-21T04:34:41.000Z',
        'dist-tags': [Object],
        versions: [Object],
        allVersions: [Array] },
     'npm:resolve:package:bson':
      { done: true,
        name: 'bson',
        modified: '2018-08-13T15:33:44.000Z',
        'dist-tags': [Object],
        versions: [Object],
        allVersions: [Array] },
     'npm:resolve:package:kareem':
      { done: true,
        name: 'kareem',
        modified: '2018-06-11T20:51:42.000Z',
        'dist-tags': [Object],
        versions: [Object],
        allVersions: [Array] },
     'npm:resolve:package:lodash.get':
      { done: true,
        name: 'lodash.get',
        modified: '2017-03-27T12:08:48.000Z',
        'dist-tags': [Object],
        versions: [Object],
        allVersions: [Array] },
     'npm:resolve:package:mongodb':
      { done: true,
        name: 'mongodb',
        modified: '2018-08-25T16:23:04.000Z',
        'dist-tags': [Object],
        versions: [Object],
        allVersions: [Array] },
     'npm:resolve:package:mongodb-core':
      { done: true,
        name: 'mongodb-core',
        modified: '2018-08-25T16:16:16.000Z',
        'dist-tags': [Object],
        versions: [Object],
        allVersions: [Array] },
     'npm:resolve:package:mongoose-legacy-pluralize':
      { done: true,
        name: 'mongoose-legacy-pluralize',
        modified: '2018-01-28T23:36:20.000Z',
        'dist-tags': [Object],
        versions: [Object],
        allVersions: [Array] },
     'npm:resolve:package:mpath':
      { done: true,
        name: 'mpath',
        modified: '2018-04-08T22:20:30.000Z',
        'dist-tags': [Object],
        versions: [Object],
        allVersions: [Array] },
     'npm:resolve:package:mquery':
      { done: true,
        name: 'mquery',
        modified: '2018-08-24T17:36:31.000Z',
        'dist-tags': [Object],
        versions: [Object],
        allVersions: [Array] },
     'npm:resolve:package:ms':
      { done: true,
        name: 'ms',
        modified: '2017-11-30T18:30:20.000Z',
        'dist-tags': [Object],
        versions: [Object],
        allVersions: [Array] },
     'npm:resolve:version:async@2.6.1':
      { name: 'async',
        version: '2.6.1',
        dependencies: [Object],
        devDependencies: [Object],
        directories: {},
        dist: [Object],
        _hasShrinkwrap: false,
        publish_time: 1526877269126,
        description:
         'Higher-order functions and common patterns for asynchronous code',
        main: 'dist/async.js',
        author: [Object],
        homepage: 'https://caolan.github.io/async/',
        repository: [Object],
        bugs: [Object],
        keywords: [Array],
        scripts: [Object],
        license: 'MIT',
        'gh-pages-deploy': [Object],
        nyc: [Object],
        readme: 'ERROR: No README data found!',
        _id: 'async@2.6.1' },
     'download:async@2.6.1': { done: true },
     'npm:resolve:version:lodash.get@4.4.2':
      { name: 'lodash.get',
        version: '4.4.2',
        directories: {},
        dist: [Object],
        _hasShrinkwrap: false,
        publish_time: 1471109966852,
        description: 'The lodash method `_.get` exported as a module.',
        homepage: 'https://lodash.com/',
        icon: 'https://lodash.com/icon.svg',
        license: 'MIT',
        keywords: [Array],
        author: [Object],
        contributors: [Array],
        repository: [Object],
        scripts: [Object],
        bugs: [Object],
        readme: 'ERROR: No README data found!',
        _id: 'lodash.get@4.4.2' },
     'download:lodash.get@4.4.2': { done: true },
     'npm:resolve:version:kareem@2.2.1':
      { name: 'kareem',
        version: '2.2.1',
        devDependencies: [Object],
        directories: {},
        dist: [Object],
        _hasShrinkwrap: false,
        publish_time: 1528209175701,
        description: 'Next-generation take on pre/post function hooks',
        main: 'index.js',
        scripts: [Object],
        repository: [Object],
        jscsConfig: [Object],
        author: [Object],
        license: 'Apache-2.0',
        bugs: [Object],
        readme: 'ERROR: No README data found!',
        homepage: 'https://github.com/vkarpov15/kareem#readme',
        _id: 'kareem@2.2.1' },
     'download:kareem@2.2.1': { done: true },
     'npm:resolve:version:ms@2.0.0':
      { name: 'ms',
        version: '2.0.0',
        devDependencies: [Object],
        directories: {},
        dist: [Object],
        _hasShrinkwrap: false,
        publish_time: 1494937566610 },
     'download:ms@2.0.0': { done: true },
     'npm:resolve:version:mquery@3.2.0':
      { name: 'mquery',
        version: '3.2.0',
        dependencies: [Object],
        devDependencies: [Object],
        directories: {},
        dist: [Object],
        engines: [Object],
        _hasShrinkwrap: false,
        publish_time: 1535132172348,
        description: 'Expressive query building for MongoDB',
        main: 'lib/mquery.js',
        scripts: [Object],
        repository: [Object],
        bugs: [Object],
        author: [Object],
        license: 'MIT',
        keywords: [Array],
        homepage: 'https://github.com/aheckmann/mquery/',
        eslintConfig: [Object],
        readme: 'ERROR: No README data found!',
        _id: 'mquery@3.2.0' },
     'download:mquery@3.2.0': { done: true },
     'install:ms@2.0.0':
      { package: [Object],
        dir:
         'C:\\Users\\Yanghui\\Desktop\\Message-Board\\node_modules\\_ms@2.0.0@ms' },
     'npm:resolve:version:mongoose-legacy-pluralize@1.0.2':
      { name: 'mongoose-legacy-pluralize',
        version: '1.0.2',
        peerDependencies: [Object],
        directories: {},
        dist: [Object],
        _hasShrinkwrap: false,
        publish_time: 1517182574896,
        description: 'Legacy pluralization logic for mongoose',
        main: 'index.js',
        repository: [Object],
        keywords: [Array],
        author: [Object],
        license: 'Apache-2.0',
        bugs: [Object],
        homepage: 'https://github.com/vkarpov15/mongoose-legacy-pluralize',
        readme: 'ERROR: No README data found!',
        _id: 'mongoose-legacy-pluralize@1.0.2' },
     'download:mongoose-legacy-pluralize@1.0.2': { done: true },
     'npm:resolve:package:regexp-clone':
      { done: true,
        name: 'regexp-clone',
        modified: '2017-03-31T17:40:28.000Z',
        'dist-tags': [Object],
        versions: [Object],
        allVersions: [Array] },
     'npm:resolve:version:mpath@0.4.1':
      { name: 'mpath',
        version: '0.4.1',
        devDependencies: [Object],
        directories: {},
        dist: [Object],
        engines: [Object],
        _hasShrinkwrap: false,
        publish_time: 1523226024415,
        description: '{G,S}et object values using MongoDB-like path notation',
        main: 'index.js',
        scripts: [Object],
        repository: [Object],
        keywords: [Array],
        author: [Object],
        license: 'MIT',
        bugs: [Object],
        readme: 'ERROR: No README data found!',
        homepage: 'https://github.com/aheckmann/mpath#readme',
        _id: 'mpath@0.4.1' },
     'download:mpath@0.4.1': { done: true },
     'npm:resolve:version:bson@~1.0.5':
      { name: 'bson',
        version: '1.0.9',
        devDependencies: [Object],
        directories: [Object],
        dist: [Object],
        engines: [Object],
        _hasShrinkwrap: false,
        publish_time: 1528402873019,
        description: 'A bson parser for node.js and the browser',
        keywords: [Array],
        files: [Array],
        author: [Object],
        contributors: [],
        repository: [Object],
        bugs: [Object],
        config: [Object],
        main: './index',
        scripts: [Object],
        browser: 'lib/bson/bson.js',
        license: 'Apache-2.0',
        readme: 'ERROR: No README data found!',
        homepage: 'https://github.com/mongodb/js-bson#readme',
        _id: 'bson@1.0.9' },
     'download:bson@1.0.9': { done: true },
     'npm:resolve:version:regexp-clone@0.0.1':
      { name: 'regexp-clone',
        version: '0.0.1',
        devDependencies: [Object],
        directories: {},
        dist: [Object],
        _hasShrinkwrap: false,
        publish_time: 1366233765036,
        description: 'Clone RegExps with options',
        main: 'index.js',
        scripts: [Object],
        repository: [Object],
        keywords: [Array],
        author: [Object],
        license: 'MIT',
        bugs: [Object],
        readme: 'ERROR: No README data found!',
        homepage: 'https://github.com/aheckmann/regexp-clone#readme',
        _id: 'regexp-clone@0.0.1' },
     'download:regexp-clone@0.0.1': { done: true },
     'install:lodash.get@4.4.2':
      { package: [Object],
        dir:
         'C:\\Users\\Yanghui\\Desktop\\Message-Board\\node_modules\\_lodash.get@4.4.2@lodash.get' },
     'npm:resolve:package:safe-buffer':
      { done: true,
        name: 'safe-buffer',
        modified: '2018-04-25T20:11:10.000Z',
        'dist-tags': [Object],
        versions: [Object],
        allVersions: [Array] },
     'npm:resolve:version:safe-buffer@5.1.2':
      { name: 'safe-buffer',
        version: '5.1.2',
        devDependencies: [Object],
        directories: {},
        dist: [Object],
        _hasShrinkwrap: false,
        publish_time: 1524687024706,
        description: 'Safer Node.js Buffer API',
        author: [Object],
        bugs: [Object],
        homepage: 'https://github.com/feross/safe-buffer',
        keywords: [Array],
        license: 'MIT',
        main: 'index.js',
        types: 'index.d.ts',
        repository: [Object],
        scripts: [Object],
        readme: 'ERROR: No README data found!',
        _id: 'safe-buffer@5.1.2' },
     'download:safe-buffer@5.1.2': { done: true },
     'npm:resolve:version:mongodb-core@3.1.3':
      { name: 'mongodb-core',
        version: '3.1.3',
        dependencies: [Object],
        optionalDependencies: [Object],
        devDependencies: [Object],
        directories: {},
        dist: [Object],
        _hasShrinkwrap: false,
        publish_time: 1535213755539,
        description:
         'Core MongoDB driver functionality, no bells and whistles and meant for integration not end applications',
        main: 'index.js',
        scripts: [Object],
        repository: [Object],
        keywords: [Array],
        peerOptionalDependencies: [Object],
        author: [Object],
        license: 'Apache-2.0',
        bugs: [Object],
        homepage: 'https://github.com/mongodb-js/mongodb-core',
        readme: 'ERROR: No README data found!',
        _id: 'mongodb-core@3.1.3' },
     'download:mongodb-core@3.1.3': { done: true },
     'install:regexp-clone@0.0.1':
      { package: [Object],
        dir:
         'C:\\Users\\Yanghui\\Desktop\\Message-Board\\node_modules\\_regexp-clone@0.0.1@regexp-clone' },
     'install:safe-buffer@5.1.2':
      { package: [Object],
        dir:
         'C:\\Users\\Yanghui\\Desktop\\Message-Board\\node_modules\\_safe-buffer@5.1.2@safe-buffer' },
     'npm:resolve:package:sliced':
      { done: true,
        name: 'sliced',
        modified: '2017-03-28T08:02:34.000Z',
        'dist-tags': [Object],
        versions: [Object],
        allVersions: [Array] },
     'install:mquery@3.2.0':
      { package: [Object],
        dir:
         'C:\\Users\\Yanghui\\Desktop\\Message-Board\\node_modules\\_mquery@3.2.0@mquery' },
     'npm:resolve:package:bluebird':
      { done: true,
        name: 'bluebird',
        modified: '2017-10-04T15:55:10.000Z',
        'dist-tags': [Object],
        versions: [Object],
        allVersions: [Array] },
     'npm:resolve:package:debug':
      { done: true,
        name: 'debug',
        modified: '2017-09-26T19:29:42.000Z',
        'dist-tags': [Object],
        versions: [Object],
        allVersions: [Array] },
     'npm:resolve:version:sliced@1.0.1':
      { name: 'sliced',
        version: '1.0.1',
        dependencies: {},
        devDependencies: [Object],
        directories: {},
        dist: [Object],
        _hasShrinkwrap: false,
        publish_time: 1436918304818,
        description:
         'A faster Node.js alternative to Array.prototype.slice.call(arguments)',
        main: 'index.js',
        files: [Array],
        scripts: [Object],
        repository: [Object],
        keywords: [Array],
        author: [Object],
        license: 'MIT',
        bugs: [Object],
        readme: 'ERROR: No README data found!',
        homepage: 'https://github.com/aheckmann/sliced#readme',
        _id: 'sliced@1.0.1' },
     'download:sliced@1.0.1': { done: true },
     'npm:resolve:version:bluebird@3.5.1':
      { name: 'bluebird',
        version: '3.5.1',
        devDependencies: [Object],
        directories: {},
        dist: [Object],
        _hasShrinkwrap: false,
        publish_time: 1507132270050,
        description:
         'Full featured Promises/A+ implementation with exceptionally good performance',
        keywords: [Array],
        scripts: [Object],
        homepage: 'https://github.com/petkaantonov/bluebird',
        repository: [Object],
        bugs: [Object],
        license: 'MIT',
        author: [Object],
        readmeFilename: 'README.md',
        main: './js/release/bluebird.js',
        webpack: './js/release/bluebird.js',
        browser: './js/browser/bluebird.js',
        files: [Array],
        readme: 'ERROR: No README data found!',
        _id: 'bluebird@3.5.1' },
     'download:bluebird@3.5.1': { done: true },
     'npm:resolve:version:debug@3.1.0':
      { name: 'debug',
        version: '3.1.0',
        dependencies: [Object],
        devDependencies: [Object],
        directories: {},
        dist: [Object],
        _hasShrinkwrap: false,
        publish_time: 1506453231492,
        repository: [Object],
        description: 'small debugging utility',
        keywords: [Array],
        author: [Object],
        contributors: [Array],
        license: 'MIT',
        main: './src/index.js',
        browser: './src/browser.js',
        bugs: [Object],
        readme: 'ERROR: No README data found!',
        homepage: 'https://github.com/visionmedia/debug#readme',
        _id: 'debug@3.1.0' },
     'download:debug@3.1.0': { done: true },
     'npm:resolve:version:mongodb@3.1.4':
      { name: 'mongodb',
        version: '3.1.4',
        dependencies: [Object],
        devDependencies: [Object],
        directories: {},
        dist: [Object],
        engines: [Object],
        _hasShrinkwrap: false,
        publish_time: 1535214160747,
        description: 'The official MongoDB driver for Node.js',
        main: 'index.js',
        repository: [Object],
        keywords: [Array],
        author: [Object],
        license: 'Apache-2.0',
        bugs: [Object],
        scripts: [Object],
        homepage: 'https://github.com/mongodb/node-mongodb-native',
        readme: 'ERROR: No README data found!',
        _id: 'mongodb@3.1.4' },
     'download:mongodb@3.1.4': { done: true },
     'install:sliced@1.0.1':
      { package: [Object],
        dir:
         'C:\\Users\\Yanghui\\Desktop\\Message-Board\\node_modules\\_sliced@1.0.1@sliced' },
     'install:debug@3.1.0':
      { package: [Object],
        dir:
         'C:\\Users\\Yanghui\\Desktop\\Message-Board\\node_modules\\_debug@3.1.0@debug' },
     'install:async@2.6.1':
      { package: [Object],
        dir:
         'C:\\Users\\Yanghui\\Desktop\\Message-Board\\node_modules\\_async@2.6.1@async' },
     'npm:resolve:package:lodash':
      { done: true,
        name: 'lodash',
        modified: '2018-04-24T18:07:49.000Z',
        'dist-tags': [Object],
        versions: [Object],
        allVersions: [Array] },
     'npm:resolve:version:lodash@^4.17.10':
      { name: 'lodash',
        version: '4.17.10',
        directories: {},
        dist: [Object],
        _hasShrinkwrap: false,
        publish_time: 1524593257696,
        description: 'Lodash modular utilities.',
        keywords: [Array],
        homepage: 'https://lodash.com/',
        repository: [Object],
        icon: 'https://lodash.com/icon.svg',
        license: 'MIT',
        main: 'lodash.js',
        author: [Object],
        contributors: [Array],
        scripts: [Object],
        bugs: [Object],
        readme: 'ERROR: No README data found!',
        _id: 'lodash@4.17.10' },
     'download:lodash@4.17.10': { done: true },
     'install:mongodb-core@3.1.3':
      { package: [Object],
        dir:
         'C:\\Users\\Yanghui\\Desktop\\Message-Board\\node_modules\\_mongodb-core@3.1.3@mongodb-core' },
     'npm:resolve:version:bson@^1.1.0':
      { name: 'bson',
        version: '1.1.0',
        devDependencies: [Object],
        directories: [Object],
        dist: [Object],
        engines: [Object],
        _hasShrinkwrap: false,
        publish_time: 1534174410409,
        description: 'A bson parser for node.js and the browser',
        keywords: [Array],
        files: [Array],
        author: [Object],
        contributors: [],
        repository: [Object],
        bugs: [Object],
        config: [Object],
        main: './index',
        scripts: [Object],
        browser: 'lib/bson/bson.js',
        license: 'Apache-2.0',
        readme: 'ERROR: No README data found!',
        homepage: 'https://github.com/mongodb/js-bson#readme',
        _id: 'bson@1.1.0' },
     'npm:resolve:package:require_optional':
      { done: true,
        name: 'require_optional',
        modified: '2017-06-14T07:09:26.000Z',
        'dist-tags': [Object],
        versions: [Object],
        allVersions: [Array] },
     'npm:resolve:version:safe-buffer@^5.1.2':
      { name: 'safe-buffer',
        version: '5.1.2',
        devDependencies: [Object],
        directories: {},
        dist: [Object],
        _hasShrinkwrap: false,
        publish_time: 1524687024706,
        description: 'Safer Node.js Buffer API',
        author: [Object],
        bugs: [Object],
        homepage: 'https://github.com/feross/safe-buffer',
        keywords: [Array],
        license: 'MIT',
        main: 'index.js',
        types: 'index.d.ts',
        repository: [Object],
        scripts: [Object],
        readme: 'ERROR: No README data found!',
        _id: 'safe-buffer@5.1.2' },
     'npm:resolve:package:saslprep':
      { done: true,
        name: 'saslprep',
        modified: '2018-07-19T21:59:51.000Z',
        'dist-tags': [Object],
        versions: [Object],
        allVersions: [Array] },
     'download:bson@1.1.0': { done: true },
     'install:safe-buffer@^5.1.2':
      { package: [Object],
        dir:
         'C:\\Users\\Yanghui\\Desktop\\Message-Board\\node_modules\\_safe-buffer@5.1.2@safe-buffer' },
     'install:safe-buffer:range:6.0.0':
      { package: [Object],
        dir:
         'C:\\Users\\Yanghui\\Desktop\\Message-Board\\node_modules\\_safe-buffer@5.1.2@safe-buffer' },
     'npm:resolve:version:require_optional@^1.0.1':
      { name: 'require_optional',
        version: '1.0.1',
        dependencies: [Object],
        devDependencies: [Object],
        directories: {},
        dist: [Object],
        _hasShrinkwrap: false,
        publish_time: 1497424161803,
        description:
         'Allows you declare optionalPeerDependencies that can be satisfied by the top level module but ignored if they are not.',
        main: 'index.js',
        scripts: [Object],
        repository: [Object],
        keywords: [Array],
        author: [Object],
        license: 'Apache-2.0',
        bugs: [Object],
        homepage: 'https://github.com/christkv/require_optional',
        peerOptionalDependencies: [Object],
        readme: 'ERROR: No README data found!',
        _id: 'require_optional@1.0.1' },
     'download:require_optional@1.0.1': { done: true },
     'npm:resolve:version:saslprep@^1.0.0':
      { name: 'saslprep',
        version: '1.0.1',
        devDependencies: [Object],
        directories: {},
        dist: [Object],
        engines: [Object],
        _hasShrinkwrap: false,
        publish_time: 1532037579341,
        description:
         'SASLprep: Stringprep Profile for User Names and Passwords, rfc4013.',
        main: 'index.js',
        scripts: [Object],
        repository: [Object],
        keywords: [Array],
        author: [Object],
        license: 'MIT',
        bugs: [Object],
        homepage: 'https://github.com/reklatsmasters/saslprep#readme',
        readme: 'ERROR: No README data found!',
        _id: 'saslprep@1.0.1' },
     'download:saslprep@1.0.1': { done: true },
     'install:bluebird@3.5.1':
      { package: [Object],
        dir:
         'C:\\Users\\Yanghui\\Desktop\\Message-Board\\node_modules\\_bluebird@3.5.1@bluebird' },
     'install:require_optional@^1.0.1':
      { package: [Object],
        dir:
         'C:\\Users\\Yanghui\\Desktop\\Message-Board\\node_modules\\_require_optional@1.0.1@require_optional' },
     'install:require_optional:range:2.0.0':
      { package: [Object],
        dir:
         'C:\\Users\\Yanghui\\Desktop\\Message-Board\\node_modules\\_require_optional@1.0.1@require_optional' },
     'npm:resolve:package:semver':
      { done: true,
        name: 'semver',
        modified: '2018-08-17T20:36:02.000Z',
        'dist-tags': [Object],
        versions: [Object],
        allVersions: [Array] },
     'npm:resolve:package:resolve-from':
      { done: true,
        name: 'resolve-from',
        modified: '2017-09-23T09:48:20.000Z',
        'dist-tags': [Object],
        versions: [Object],
        allVersions: [Array] },
     'install:mongodb@3.1.4':
      { package: [Object],
        dir:
         'C:\\Users\\Yanghui\\Desktop\\Message-Board\\node_modules\\_mongodb@3.1.4@mongodb' },
     'npm:resolve:version:semver@^5.1.0':
      { name: 'semver',
        version: '5.5.1',
        devDependencies: [Object],
        bin: [Object],
        directories: {},
        dist: [Object],
        _hasShrinkwrap: false,
        publish_time: 1534538146676,
        description: 'The semantic version parser used by npm.',
        main: 'semver.js',
        scripts: [Object],
        license: 'ISC',
        repository: [Object],
        files: [Array],
        bugs: [Object],
        readme: 'ERROR: No README data found!',
        homepage: 'https://github.com/npm/node-semver#readme',
        _id: 'semver@5.5.1' },
     'download:semver@5.5.1': { done: true },
     'npm:resolve:version:resolve-from@^2.0.0':
      { name: 'resolve-from',
        version: '2.0.0',
        devDependencies: [Object],
        directories: {},
        dist: [Object],
        engines: [Object],
        _hasShrinkwrap: false,
        publish_time: 1448773753029,
        description:
         'Resolve the path of a module like require.resolve() but from a given path',
        license: 'MIT',
        repository: [Object],
        author: [Object],
        scripts: [Object],
        files: [Array],
        keywords: [Array],
        bugs: [Object],
        readme: 'ERROR: No README data found!',
        homepage: 'https://github.com/sindresorhus/resolve-from#readme',
        _id: 'resolve-from@2.0.0' },
     'download:resolve-from@2.0.0': { done: true },
     'install:semver@^5.1.0':
      { package: [Object],
        dir:
         'C:\\Users\\Yanghui\\Desktop\\Message-Board\\node_modules\\_semver@5.5.1@semver' },
     'install:semver:range:6.0.0':
      { package: [Object],
        dir:
         'C:\\Users\\Yanghui\\Desktop\\Message-Board\\node_modules\\_semver@5.5.1@semver' },
     'install:resolve-from@^2.0.0':
      { package: [Object],
        dir:
         'C:\\Users\\Yanghui\\Desktop\\Message-Board\\node_modules\\_resolve-from@2.0.0@resolve-from' },
     'install:resolve-from:range:3.0.0':
      { package: [Object],
        dir:
         'C:\\Users\\Yanghui\\Desktop\\Message-Board\\node_modules\\_resolve-from@2.0.0@resolve-from' },
     'install:lodash@^4.17.10':
      { package: [Object],
        dir:
         'C:\\Users\\Yanghui\\Desktop\\Message-Board\\node_modules\\_lodash@4.17.10@lodash' },
     'install:lodash:range:5.0.0':
      { package: [Object],
        dir:
         'C:\\Users\\Yanghui\\Desktop\\Message-Board\\node_modules\\_lodash@4.17.10@lodash' },
     'install:bson@^1.1.0':
      { package: [Object],
        dir:
         'C:\\Users\\Yanghui\\Desktop\\Message-Board\\node_modules\\_bson@1.1.0@bson' },
     'install:bson:range:2.0.0':
      { package: [Object],
        dir:
         'C:\\Users\\Yanghui\\Desktop\\Message-Board\\node_modules\\_bson@1.1.0@bson' },
     'install:saslprep@^1.0.0':
      { package: [Object],
        dir:
         'C:\\Users\\Yanghui\\Desktop\\Message-Board\\node_modules\\_saslprep@1.0.1@saslprep' },
     'install:saslprep:range:2.0.0':
      { package: [Object],
        dir:
         'C:\\Users\\Yanghui\\Desktop\\Message-Board\\node_modules\\_saslprep@1.0.1@saslprep' },
     'install:mongoose-legacy-pluralize@1.0.2':
      { package: [Object],
        dir:
         'C:\\Users\\Yanghui\\Desktop\\Message-Board\\node_modules\\_mongoose-legacy-pluralize@1.0.2@mongoose-legacy-pluralize' },
     'install:kareem@2.2.1':
      { package: [Object],
        dir:
         'C:\\Users\\Yanghui\\Desktop\\Message-Board\\node_modules\\_kareem@2.2.1@kareem' },
     'install:mpath@0.4.1':
      { package: [Object],
        dir:
         'C:\\Users\\Yanghui\\Desktop\\Message-Board\\node_modules\\_mpath@0.4.1@mpath' },
     'install:bson@~1.0.5':
      { package: [Object],
        dir:
         'C:\\Users\\Yanghui\\Desktop\\Message-Board\\node_modules\\_bson@1.0.9@bson' },
     'install:bson:range:1.1.0':
      { package: [Object],
        dir:
         'C:\\Users\\Yanghui\\Desktop\\Message-Board\\node_modules\\_bson@1.0.9@bson' },
     'nodemodule:path:C:\\Users\\Yanghui\\Desktop\\Message-Board\\node_modules\\_mongoose@5.2.10@mongoose':
      [ 'C:\\Users\\Yanghui\\Desktop\\Message-Board\\node_modules\\_mongoose@5.2.10@mongoose\\node_modules',
        'C:\\Users\\Yanghui\\Desktop\\Message-Board\\node_modules',
        'C:\\Users\\Yanghui\\Desktop\\node_modules',
        'C:\\Users\\Yanghui\\node_modules',
        'C:\\Users\\node_modules',
        'C:\\node_modules' ] },
  targetDir: 'C:\\Users\\Yanghui\\Desktop\\Message-Board',
  storeDir: 'C:\\Users\\Yanghui\\Desktop\\Message-Board\\node_modules',
  timeout: 60000,
  streamingTimeout: 120000,
  console:
   { info:
      { [Function: debug]
        namespace: 'npminstall:format_install_options',
        enabled: false,
        useColors: true,
        color: 3,
        inspectOpts: {} },
     log:
      { [Function: debug]
        namespace: 'npminstall:format_install_options',
        enabled: false,
        useColors: true,
        color: 3,
        inspectOpts: {} },
     error: [Function: bound consoleCall],
     warn: [Function: bound consoleCall] },
  start: 1535511392094,
  totalTarballSize: 1659967,
  totalJSONSize: 431193,
  totalJSONCount: 21,
  localPackages: 0,
  remotePackages: 0,
  registryPackages: 21,
  gitPackages: 0,
  pendingMessages: [],
  recentlyUpdateMinDateTime: 1534906592095,
  recentlyUpdates:
   Map {
     'mongoose@*(\u001b[32m5.2.10\u001b[39m)' => 2018-08-27T13:12:37.003Z,
     'mongoose@5.2.10\u001b[90m › \u001b[39mmquery@3.2.0(\u001b[32m3.2.0\u001b[39m)' => 2018-08-24T17:36:12.348Z,
     'mongoose@5.2.10\u001b[90m › \u001b[39mmongodb-core@3.1.3(\u001b[32m3.1.3\u001b[39m)' => 2018-08-25T16:15:55.539Z,
     'mongoose@5.2.10\u001b[90m › \u001b[39mmongodb@3.1.4(\u001b[32m3.1.4\u001b[39m)' => 2018-08-25T16:22:40.747Z },
  onlyShowTodayUpdateToConsole: true,
  remoteNames: {},
  referer:
   'install mongoose --uuid=223fd600-ab37-11e8-b7f4-a386cdf5ca08',
  installRoot: false,
  progresses:
   { installTasks: 1,
     finishedInstallTasks: 1,
     linkTasks: 20,
     finishedLinkTasks: 20 },
  rawCount: 0,
  rawSize: 0,
  pruneCount: 0,
  pruneSize: 0,
  rootPkgDependencies:
   { allMap: [Getter],
     all: [Getter],
     prodMap: [Getter],
     prod: [Getter] },
  downloadFinished: 1535511415979 }